*** Starting uWSGI 2.0.17.1 (64bit) on [Sat Oct 10 10:45:24 2020] ***
compiled with version: 4.8.2 20140120 (Red Hat 4.8.2-15) on 15 August 2018 17:45:58
os: Linux-4.4.0-187-generic #217-Ubuntu SMP Tue Jul 21 04:18:15 UTC 2020
nodename: vultr.guest
machine: x86_64
clock source: unix
pcre jit disabled
detected number of CPU cores: 1
current working directory: /root/face
writing pidfile to /root/face/master.pid
detected binary path: /root/anaconda3/envs/py35/bin/uwsgi
uWSGI running as root, you can use --uid/--gid/--chroot options
setgid() to 2000
setuid() to 1000
chdir() to /root/face/
chdir(): Permission denied [core/uwsgi.c line 2631]
*** Starting uWSGI 2.0.17.1 (64bit) on [Sat Oct 10 10:46:25 2020] ***
compiled with version: 4.8.2 20140120 (Red Hat 4.8.2-15) on 15 August 2018 17:45:58
os: Linux-4.4.0-187-generic #217-Ubuntu SMP Tue Jul 21 04:18:15 UTC 2020
nodename: vultr.guest
machine: x86_64
clock source: unix
pcre jit disabled
detected number of CPU cores: 1
current working directory: /root/face
writing pidfile to /root/face/master.pid
detected binary path: /root/anaconda3/envs/py35/bin/uwsgi
uWSGI running as root, you can use --uid/--gid/--chroot options
setgid() to 2000
setuid() to 1000
chdir() to /root/face/
chdir(): Permission denied [core/uwsgi.c line 2631]
*** Starting uWSGI 2.0.17.1 (64bit) on [Sat Oct 10 10:48:59 2020] ***
compiled with version: 4.8.2 20140120 (Red Hat 4.8.2-15) on 15 August 2018 17:45:58
os: Linux-4.4.0-187-generic #217-Ubuntu SMP Tue Jul 21 04:18:15 UTC 2020
nodename: vultr.guest
machine: x86_64
clock source: unix
pcre jit disabled
detected number of CPU cores: 1
current working directory: /root/face
writing pidfile to /root/face/master.pid
detected binary path: /root/anaconda3/envs/py35/bin/uwsgi
uWSGI running as root, you can use --uid/--gid/--chroot options
setgid() to 2000
setuid() to 1000
chdir() to /root/face/
chdir(): Permission denied [core/uwsgi.c line 2631]
*** Starting uWSGI 2.0.17.1 (64bit) on [Sat Oct 10 10:49:40 2020] ***
compiled with version: 4.8.2 20140120 (Red Hat 4.8.2-15) on 15 August 2018 17:45:58
os: Linux-4.4.0-187-generic #217-Ubuntu SMP Tue Jul 21 04:18:15 UTC 2020
nodename: vultr.guest
machine: x86_64
clock source: unix
pcre jit disabled
detected number of CPU cores: 1
current working directory: /root/face
writing pidfile to /root/face/master.pid
detected binary path: /root/anaconda3/envs/py35/bin/uwsgi
uWSGI running as root, you can use --uid/--gid/--chroot options
setgid() to 2000
setuid() to 1000
chdir() to /root/face
chdir(): Permission denied [core/uwsgi.c line 2631]
*** Starting uWSGI 2.0.17.1 (64bit) on [Sat Oct 10 10:52:54 2020] ***
compiled with version: 4.8.2 20140120 (Red Hat 4.8.2-15) on 15 August 2018 17:45:58
os: Linux-4.4.0-187-generic #217-Ubuntu SMP Tue Jul 21 04:18:15 UTC 2020
nodename: vultr.guest
machine: x86_64
clock source: unix
pcre jit disabled
detected number of CPU cores: 1
current working directory: /root/face
writing pidfile to /root/face/master.pid
detected binary path: /root/anaconda3/envs/py35/bin/uwsgi
uWSGI running as root, you can use --uid/--gid/--chroot options
setgid() to 2000
setuid() to 1000
chdir() to /root/face
chdir(): Permission denied [core/uwsgi.c line 2631]
*** Starting uWSGI 2.0.17.1 (64bit) on [Sun Oct 11 13:19:56 2020] ***
compiled with version: 4.8.2 20140120 (Red Hat 4.8.2-15) on 15 August 2018 17:45:58
os: Linux-4.4.0-190-generic #220-Ubuntu SMP Fri Aug 28 23:02:15 UTC 2020
nodename: vultr.guest
machine: x86_64
clock source: unix
pcre jit disabled
detected number of CPU cores: 1
current working directory: /root/face
writing pidfile to /root/face/master.pid
detected binary path: /root/anaconda3/envs/py35/bin/uwsgi
uWSGI running as root, you can use --uid/--gid/--chroot options
*** WARNING: you are running uWSGI as root !!! (use the --uid flag) *** 
chdir() to /root/face
your processes number limit is 3797
your memory page size is 4096 bytes
detected max file descriptor number: 1024
lock engine: pthread robust mutexes
thunder lock: disabled (you can enable it with --thunder-lock)
uwsgi socket 0 bound to TCP address 127.0.0.1:8001 fd 3
uWSGI running as root, you can use --uid/--gid/--chroot options
*** WARNING: you are running uWSGI as root !!! (use the --uid flag) *** 
Python version: 3.5.6 |Anaconda, Inc.| (default, Aug 26 2018, 21:44:08)  [GCC 7.3.0]
Set PythonHome to /root/anaconda3/envs/py35
*** Python threads support is disabled. You can enable it with --enable-threads ***
Python main interpreter initialized at 0xa1b810
uWSGI running as root, you can use --uid/--gid/--chroot options
*** WARNING: you are running uWSGI as root !!! (use the --uid flag) *** 
your server socket listen backlog is limited to 100 connections
your mercy for graceful operations on workers is 60 seconds
mapped 802120 bytes (783 KB) for 10 cores
*** Operational MODE: preforking ***
WSGI app 0 (mountpoint='') ready in 1 seconds on interpreter 0xa1b810 pid: 21154 (default app)
uWSGI running as root, you can use --uid/--gid/--chroot options
*** WARNING: you are running uWSGI as root !!! (use the --uid flag) *** 
*** uWSGI is running in multiple interpreter mode ***
spawned uWSGI master process (pid: 21154)
spawned uWSGI worker 1 (pid: 21157, cores: 1)
spawned uWSGI worker 2 (pid: 21158, cores: 1)
spawned uWSGI worker 3 (pid: 21159, cores: 1)
spawned uWSGI worker 4 (pid: 21160, cores: 1)
spawned uWSGI worker 5 (pid: 21161, cores: 1)
spawned uWSGI worker 6 (pid: 21162, cores: 1)
spawned uWSGI worker 7 (pid: 21163, cores: 1)
spawned uWSGI worker 8 (pid: 21164, cores: 1)
spawned uWSGI worker 9 (pid: 21165, cores: 1)
spawned uWSGI worker 10 (pid: 21166, cores: 1)
